# JRE version: OpenJDK Runtime Environment (20.0+36) (build 20+36-2344)
# Java VM: OpenJDK 64-Bit Server VM (20+36-2344, mixed mode, emulated-client, sharing, tiered, compressed oops, compressed class ptrs, g1 gc, windows-amd64)
GC Precious Log:
 CardTable entry size: 512
 Card Set container configuration: InlinePtr #cards 4 size 8 Array Of Cards #cards 16 size 48 Howl #buckets 8 coarsen threshold 3686 Howl Bitmap #cards 512 size 80 coarsen threshold 460 Card regions per heap region 1 cards per card region 4096
 CPUs: 8 total, 8 available
 Memory: 16180M
 Large Page Support: Disabled
 NUMA Support: Disabled
 Compressed Oops: Enabled (Zero based)
 Heap Region Size: 2M
 Heap Min Capacity: 8M
 Heap Initial Capacity: 254M
 Heap Max Capacity: 4046M
 Pre-touch: Disabled
 Parallel Workers: 8
 Concurrent Workers: 2
 Concurrent Refinement Workers: 8
 Periodic GC: Disabled
Heap:
 garbage-first heap   total 90112K, used 76717K [0x0000000703200000, 0x0000000800000000)
  region size 2048K, 24 young (49152K), 3 survivors (6144K)
 Metaspace       used 48699K, committed 49472K, reserved 1114112K
  class space    used 5871K, committed 6208K, reserved 1048576K
GC Heap History (20 events):
Event: 162434.448 GC heap after
{Heap after GC invocations=685 (full 11):
 garbage-first heap   total 90112K, used 35608K [0x0000000703200000, 0x0000000800000000)
  region size 2048K, 2 young (4096K), 2 survivors (4096K)
 Metaspace       used 48684K, committed 49472K, reserved 1114112K
  class space    used 5867K, committed 6208K, reserved 1048576K
}
Event: 162446.576 GC heap before
{Heap before GC invocations=686 (full 11):
 garbage-first heap   total 90112K, used 76568K [0x0000000703200000, 0x0000000800000000)
  region size 2048K, 22 young (45056K), 2 survivors (4096K)
 Metaspace       used 48684K, committed 49472K, reserved 1114112K
  class space    used 5867K, committed 6208K, reserved 1048576K
}
Event: 162446.577 GC heap after
{Heap after GC invocations=687 (full 11):
 garbage-first heap   total 90112K, used 34811K [0x0000000703200000, 0x0000000800000000)
  region size 2048K, 1 young (2048K), 1 survivors (2048K)
 Metaspace       used 48684K, committed 49472K, reserved 1114112K
  class space    used 5867K, committed 6208K, reserved 1048576K
}
Event: 162460.099 GC heap before
{Heap before GC invocations=687 (full 11):
 garbage-first heap   total 90112K, used 79867K [0x0000000703200000, 0x0000000800000000)
  region size 2048K, 23 young (47104K), 1 survivors (2048K)
 Metaspace       used 48684K, committed 49472K, reserved 1114112K
  class space    used 5867K, committed 6208K, reserved 1048576K
}
Event: 162460.102 GC heap after
{Heap after GC invocations=688 (full 11):
 garbage-first heap   total 90112K, used 34846K [0x0000000703200000, 0x0000000800000000)
  region size 2048K, 2 young (4096K), 2 survivors (4096K)
 Metaspace       used 48684K, committed 49472K, reserved 1114112K
  class space    used 5867K, committed 6208K, reserved 1048576K
}
Event: 162472.612 GC heap before
{Heap before GC invocations=688 (full 11):
 garbage-first heap   total 90112K, used 77854K [0x0000000703200000, 0x0000000800000000)
  region size 2048K, 23 young (47104K), 2 survivors (4096K)
 Metaspace       used 48684K, committed 49472K, reserved 1114112K
  class space    used 5867K, committed 6208K, reserved 1048576K
}
Event: 162472.614 GC heap after
{Heap after GC invocations=689 (full 11):
 garbage-first heap   total 90112K, used 34849K [0x0000000703200000, 0x0000000800000000)
  region size 2048K, 2 young (4096K), 2 survivors (4096K)
 Metaspace       used 48684K, committed 49472K, reserved 1114112K
  class space    used 5867K, committed 6208K, reserved 1048576K
}
Event: 162485.413 GC heap before
{Heap before GC invocations=690 (full 11):
 garbage-first heap   total 90112K, used 77857K [0x0000000703200000, 0x0000000800000000)
  region size 2048K, 23 young (47104K), 2 survivors (4096K)
 Metaspace       used 48695K, committed 49472K, reserved 1114112K
  class space    used 5870K, committed 6208K, reserved 1048576K
}
Event: 162485.415 GC heap after
{Heap after GC invocations=691 (full 11):
 garbage-first heap   total 90112K, used 34934K [0x0000000703200000, 0x0000000800000000)
  region size 2048K, 2 young (4096K), 2 survivors (4096K)
 Metaspace       used 48695K, committed 49472K, reserved 1114112K
  class space    used 5870K, committed 6208K, reserved 1048576K
}
Event: 162500.324 GC heap before
{Heap before GC invocations=691 (full 11):
 garbage-first heap   total 90112K, used 77942K [0x0000000703200000, 0x0000000800000000)
  region size 2048K, 23 young (47104K), 2 survivors (4096K)
 Metaspace       used 48695K, committed 49472K, reserved 1114112K
  class space    used 5870K, committed 6208K, reserved 1048576K
}
Event: 162500.327 GC heap after
{Heap after GC invocations=692 (full 11):
 garbage-first heap   total 90112K, used 34047K [0x0000000703200000, 0x0000000800000000)
  region size 2048K, 2 young (4096K), 2 survivors (4096K)
 Metaspace       used 48695K, committed 49472K, reserved 1114112K
  class space    used 5870K, committed 6208K, reserved 1048576K
}
Event: 162514.670 GC heap before
{Heap before GC invocations=692 (full 11):
 garbage-first heap   total 90112K, used 77055K [0x0000000703200000, 0x0000000800000000)
  region size 2048K, 23 young (47104K), 2 survivors (4096K)
 Metaspace       used 48695K, committed 49472K, reserved 1114112K
  class space    used 5870K, committed 6208K, reserved 1048576K
}
Event: 162514.672 GC heap after
{Heap after GC invocations=693 (full 11):
 garbage-first heap   total 90112K, used 34167K [0x0000000703200000, 0x0000000800000000)
  region size 2048K, 2 young (4096K), 2 survivors (4096K)
 Metaspace       used 48695K, committed 49472K, reserved 1114112K
  class space    used 5870K, committed 6208K, reserved 1048576K
}
Event: 162527.452 GC heap before
{Heap before GC invocations=694 (full 11):
 garbage-first heap   total 90112K, used 77175K [0x0000000703200000, 0x0000000800000000)
  region size 2048K, 23 young (47104K), 2 survivors (4096K)
 Metaspace       used 48695K, committed 49472K, reserved 1114112K
  class space    used 5870K, committed 6208K, reserved 1048576K
}
Event: 162527.454 GC heap after
{Heap after GC invocations=695 (full 11):
 garbage-first heap   total 90112K, used 34161K [0x0000000703200000, 0x0000000800000000)
  region size 2048K, 2 young (4096K), 2 survivors (4096K)
 Metaspace       used 48695K, committed 49472K, reserved 1114112K
  class space    used 5870K, committed 6208K, reserved 1048576K
}
Event: 162540.748 GC heap before
{Heap before GC invocations=695 (full 11):
 garbage-first heap   total 90112K, used 77169K [0x0000000703200000, 0x0000000800000000)
  region size 2048K, 23 young (47104K), 2 survivors (4096K)
 Metaspace       used 48695K, committed 49472K, reserved 1114112K
  class space    used 5870K, committed 6208K, reserved 1048576K
}
Event: 162540.751 GC heap after
{Heap after GC invocations=696 (full 11):
 garbage-first heap   total 90112K, used 33906K [0x0000000703200000, 0x0000000800000000)
  region size 2048K, 2 young (4096K), 2 survivors (4096K)
 Metaspace       used 48695K, committed 49472K, reserved 1114112K
  class space    used 5870K, committed 6208K, reserved 1048576K
}
Event: 162556.970 GC heap before
{Heap before GC invocations=696 (full 11):
 garbage-first heap   total 90112K, used 76914K [0x0000000703200000, 0x0000000800000000)
  region size 2048K, 23 young (47104K), 2 survivors (4096K)
 Metaspace       used 48695K, committed 49472K, reserved 1114112K
  class space    used 5870K, committed 6208K, reserved 1048576K
}
Event: 162556.972 GC heap after
{Heap after GC invocations=697 (full 11):
 garbage-first heap   total 90112K, used 33709K [0x0000000703200000, 0x0000000800000000)
  region size 2048K, 2 young (4096K), 2 survivors (4096K)
 Metaspace       used 48695K, committed 49472K, reserved 1114112K
  class space    used 5870K, committed 6208K, reserved 1048576K
}
Event: 162574.624 GC heap before
{Heap before GC invocations=698 (full 11):
 garbage-first heap   total 90112K, used 76717K [0x0000000703200000, 0x0000000800000000)
  region size 2048K, 23 young (47104K), 2 survivors (4096K)
 Metaspace       used 48699K, committed 49472K, reserved 1114112K
  class space    used 5871K, committed 6208K, reserved 1048576K
}

