# JRE version: OpenJDK Runtime Environment (20.0+36) (build 20+36-2344)
# Java VM: OpenJDK 64-Bit Server VM (20+36-2344, mixed mode, emulated-client, sharing, tiered, compressed oops, compressed class ptrs, g1 gc, windows-amd64)
GC Precious Log:
 CardTable entry size: 512
 Card Set container configuration: InlinePtr #cards 4 size 8 Array Of Cards #cards 16 size 48 Howl #buckets 8 coarsen threshold 3686 Howl Bitmap #cards 512 size 80 coarsen threshold 460 Card regions per heap region 1 cards per card region 4096
 CPUs: 8 total, 8 available
 Memory: 16180M
 Large Page Support: Disabled
 NUMA Support: Disabled
 Compressed Oops: Enabled (Zero based)
 Heap Region Size: 2M
 Heap Min Capacity: 8M
 Heap Initial Capacity: 254M
 Heap Max Capacity: 4046M
 Pre-touch: Disabled
 Parallel Workers: 8
 Concurrent Workers: 2
 Concurrent Refinement Workers: 8
 Periodic GC: Disabled
Heap:
 garbage-first heap   total 280576K, used 216795K [0x0000000703200000, 0x0000000800000000)
  region size 2048K, 67 young (137216K), 8 survivors (16384K)
 Metaspace       used 63087K, committed 64192K, reserved 1114112K
  class space    used 7521K, committed 8064K, reserved 1048576K
GC Heap History (20 events):
Event: 142174.143 GC heap after
{Heap after GC invocations=5110 (full 26):
 garbage-first heap   total 286720K, used 136230K [0x0000000703200000, 0x0000000800000000)
  region size 2048K, 4 young (8192K), 4 survivors (8192K)
 Metaspace       used 62835K, committed 64128K, reserved 1114112K
  class space    used 7493K, committed 8064K, reserved 1048576K
}
Event: 142186.887 GC heap before
{Heap before GC invocations=5110 (full 26):
 garbage-first heap   total 286720K, used 240678K [0x0000000703200000, 0x0000000800000000)
  region size 2048K, 56 young (114688K), 4 survivors (8192K)
 Metaspace       used 62835K, committed 64128K, reserved 1114112K
  class space    used 7493K, committed 8064K, reserved 1048576K
}
Event: 142186.892 GC heap after
{Heap after GC invocations=5111 (full 26):
 garbage-first heap   total 286720K, used 137792K [0x0000000703200000, 0x0000000800000000)
  region size 2048K, 5 young (10240K), 5 survivors (10240K)
 Metaspace       used 62835K, committed 64128K, reserved 1114112K
  class space    used 7493K, committed 8064K, reserved 1048576K
}
Event: 142199.097 GC heap before
{Heap before GC invocations=5111 (full 26):
 garbage-first heap   total 286720K, used 246336K [0x0000000703200000, 0x0000000800000000)
  region size 2048K, 58 young (118784K), 5 survivors (10240K)
 Metaspace       used 62835K, committed 64128K, reserved 1114112K
  class space    used 7493K, committed 8064K, reserved 1048576K
}
Event: 142199.113 GC heap after
{Heap after GC invocations=5112 (full 26):
 garbage-first heap   total 286720K, used 164991K [0x0000000703200000, 0x0000000800000000)
  region size 2048K, 8 young (16384K), 8 survivors (16384K)
 Metaspace       used 62835K, committed 64128K, reserved 1114112K
  class space    used 7493K, committed 8064K, reserved 1048576K
}
Event: 142203.514 GC heap before
{Heap before GC invocations=5112 (full 26):
 garbage-first heap   total 286720K, used 242815K [0x0000000703200000, 0x0000000800000000)
  region size 2048K, 46 young (94208K), 8 survivors (16384K)
 Metaspace       used 62835K, committed 64128K, reserved 1114112K
  class space    used 7493K, committed 8064K, reserved 1048576K
}
Event: 142203.528 GC heap after
{Heap after GC invocations=5113 (full 26):
 garbage-first heap   total 286720K, used 176823K [0x0000000703200000, 0x0000000800000000)
  region size 2048K, 6 young (12288K), 6 survivors (12288K)
 Metaspace       used 62835K, committed 64128K, reserved 1114112K
  class space    used 7493K, committed 8064K, reserved 1048576K
}
Event: 142210.208 GC heap before
{Heap before GC invocations=5114 (full 26):
 garbage-first heap   total 286720K, used 176823K [0x0000000703200000, 0x0000000800000000)
  region size 2048K, 41 young (83968K), 6 survivors (12288K)
 Metaspace       used 62835K, committed 64128K, reserved 1114112K
  class space    used 7493K, committed 8064K, reserved 1048576K
}
Event: 142210.213 GC heap after
{Heap after GC invocations=5115 (full 26):
 garbage-first heap   total 286720K, used 105163K [0x0000000703200000, 0x0000000800000000)
  region size 2048K, 3 young (6144K), 3 survivors (6144K)
 Metaspace       used 62835K, committed 64128K, reserved 1114112K
  class space    used 7493K, committed 8064K, reserved 1048576K
}
Event: 142222.230 GC heap before
{Heap before GC invocations=5115 (full 26):
 garbage-first heap   total 286720K, used 232139K [0x0000000703200000, 0x0000000800000000)
  region size 2048K, 65 young (133120K), 3 survivors (6144K)
 Metaspace       used 62835K, committed 64128K, reserved 1114112K
  class space    used 7493K, committed 8064K, reserved 1048576K
}
Event: 142222.237 GC heap after
{Heap after GC invocations=5116 (full 26):
 garbage-first heap   total 286720K, used 107388K [0x0000000703200000, 0x0000000800000000)
  region size 2048K, 7 young (14336K), 7 survivors (14336K)
 Metaspace       used 62835K, committed 64128K, reserved 1114112K
  class space    used 7493K, committed 8064K, reserved 1048576K
}
Event: 142236.681 GC heap before
{Heap before GC invocations=5116 (full 26):
 garbage-first heap   total 286720K, used 236412K [0x0000000703200000, 0x0000000800000000)
  region size 2048K, 70 young (143360K), 7 survivors (14336K)
 Metaspace       used 62835K, committed 64128K, reserved 1114112K
  class space    used 7493K, committed 8064K, reserved 1048576K
}
Event: 142236.689 GC heap after
{Heap after GC invocations=5117 (full 26):
 garbage-first heap   total 286720K, used 108135K [0x0000000703200000, 0x0000000800000000)
  region size 2048K, 6 young (12288K), 6 survivors (12288K)
 Metaspace       used 62835K, committed 64128K, reserved 1114112K
  class space    used 7493K, committed 8064K, reserved 1048576K
}
Event: 142254.211 GC heap before
{Heap before GC invocations=5117 (full 26):
 garbage-first heap   total 286720K, used 237159K [0x0000000703200000, 0x0000000800000000)
  region size 2048K, 69 young (141312K), 6 survivors (12288K)
 Metaspace       used 62835K, committed 64128K, reserved 1114112K
  class space    used 7493K, committed 8064K, reserved 1048576K
}
Event: 142254.229 GC heap after
{Heap after GC invocations=5118 (full 26):
 garbage-first heap   total 286720K, used 130366K [0x0000000703200000, 0x0000000800000000)
  region size 2048K, 9 young (18432K), 9 survivors (18432K)
 Metaspace       used 62835K, committed 64128K, reserved 1114112K
  class space    used 7493K, committed 8064K, reserved 1048576K
}
Event: 142254.400 GC heap before
{Heap before GC invocations=5118 (full 26):
 garbage-first heap   total 286720K, used 142654K [0x0000000703200000, 0x0000000800000000)
  region size 2048K, 16 young (32768K), 9 survivors (18432K)
 Metaspace       used 62839K, committed 64128K, reserved 1114112K
  class space    used 7494K, committed 8064K, reserved 1048576K
}
Event: 142254.480 GC heap after
{Heap after GC invocations=5119 (full 27):
 garbage-first heap   total 280576K, used 76968K [0x0000000703200000, 0x0000000800000000)
  region size 2048K, 0 young (0K), 0 survivors (0K)
 Metaspace       used 62833K, committed 64128K, reserved 1114112K
  class space    used 7493K, committed 8064K, reserved 1048576K
}
Event: 142268.049 GC heap before
{Heap before GC invocations=5119 (full 27):
 garbage-first heap   total 280576K, used 208040K [0x0000000703200000, 0x0000000800000000)
  region size 2048K, 65 young (133120K), 0 survivors (0K)
 Metaspace       used 63087K, committed 64192K, reserved 1114112K
  class space    used 7521K, committed 8064K, reserved 1048576K
}
Event: 142268.060 GC heap after
{Heap after GC invocations=5120 (full 27):
 garbage-first heap   total 280576K, used 95963K [0x0000000703200000, 0x0000000800000000)
  region size 2048K, 9 young (18432K), 9 survivors (18432K)
 Metaspace       used 63087K, committed 64192K, reserved 1114112K
  class space    used 7521K, committed 8064K, reserved 1048576K
}
Event: 142283.189 GC heap before
{Heap before GC invocations=5120 (full 27):
 garbage-first heap   total 280576K, used 216795K [0x0000000703200000, 0x0000000800000000)
  region size 2048K, 68 young (139264K), 9 survivors (18432K)
 Metaspace       used 63087K, committed 64192K, reserved 1114112K
  class space    used 7521K, committed 8064K, reserved 1048576K
}

